\BOOKMARK [1][-]{section.1}{\376\377\000T\000h\000e\000o\000r\000e\000t\000i\000c\000a\000l\000\040\000B\000a\000c\000k\000g\000r\000o\000u\000n\000d}{}% 1
\BOOKMARK [2][-]{subsection.1.1}{\376\377\000S\000y\000n\000t\000a\000x\000\040\000A\000n\000a\000l\000y\000s\000i\000s}{section.1}% 2
\BOOKMARK [2][-]{subsection.1.2}{\376\377\000C\000o\000n\000t\000e\000x\000t\000-\000F\000r\000e\000e\000\040\000G\000r\000a\000m\000m\000a\000r\000\040\000\050\000C\000F\000G\000\051}{section.1}% 3
\BOOKMARK [2][-]{subsection.1.3}{\376\377\000P\000a\000r\000s\000e\000\040\000T\000r\000e\000e\000\040\000d\000a\000n\000\040\000A\000S\000T}{section.1}% 4
\BOOKMARK [2][-]{subsection.1.4}{\376\377\000R\000e\000c\000u\000r\000s\000i\000v\000e\000\040\000D\000e\000s\000c\000e\000n\000t\000\040\000P\000a\000r\000s\000i\000n\000g}{section.1}% 5
\BOOKMARK [1][-]{section.2}{\376\377\000D\000e\000s\000i\000g\000n\000\040\000a\000n\000d\000\040\000I\000m\000p\000l\000e\000m\000e\000n\000t\000a\000t\000i\000o\000n}{}% 6
\BOOKMARK [2][-]{subsection.2.1}{\376\377\000O\000v\000e\000r\000v\000i\000e\000w}{section.2}% 7
\BOOKMARK [2][-]{subsection.2.2}{\376\377\000H\000a\000r\000d\000-\000c\000o\000d\000e\000d\000\040\000G\000r\000a\000m\000m\000a\000r}{section.2}% 8
\BOOKMARK [2][-]{subsection.2.3}{\376\377\000R\000e\000c\000u\000r\000s\000i\000v\000e\000\040\000D\000e\000s\000c\000e\000n\000t\000\040\000A\000r\000c\000h\000i\000t\000e\000c\000t\000u\000r\000e}{section.2}% 9
\BOOKMARK [2][-]{subsection.2.4}{\376\377\000P\000a\000r\000s\000i\000n\000g\000\040\000E\000x\000p\000r\000e\000s\000s\000i\000o\000n\000:\000\040\000O\000p\000e\000r\000a\000t\000o\000r\000\040\000P\000r\000e\000c\000e\000d\000e\000n\000c\000e}{section.2}% 10
\BOOKMARK [2][-]{subsection.2.5}{\376\377\000D\000i\000s\000a\000m\000b\000i\000g\000u\000a\000s\000i\000:\000\040\000A\000s\000s\000i\000g\000n\000m\000e\000n\000t\000\040\000v\000s\000\040\000P\000r\000o\000c\000e\000d\000u\000r\000e\000\040\000C\000a\000l\000l}{section.2}% 11
\BOOKMARK [2][-]{subsection.2.6}{\376\377\000E\000r\000r\000o\000r\000\040\000H\000a\000n\000d\000l\000i\000n\000g}{section.2}% 12
\BOOKMARK [2][-]{subsection.2.7}{\376\377\000P\000a\000r\000s\000e\000\040\000T\000r\000e\000e\000\040\000O\000u\000t\000p\000u\000t}{section.2}% 13
\BOOKMARK [2][-]{subsection.2.8}{\376\377\000T\000o\000k\000e\000n\000i\000z\000a\000t\000i\000o\000n\000\040\000F\000l\000o\000w}{section.2}% 14
\BOOKMARK [2][-]{subsection.2.9}{\376\377\000C\000o\000n\000t\000o\000h\000\040\000P\000a\000r\000s\000e\000\040\000T\000r\000e\000e}{section.2}% 15
\BOOKMARK [1][-]{section.3}{\376\377\000T\000e\000s\000t\000i\000n\000g}{}% 16
\BOOKMARK [2][-]{subsection.3.1}{\376\377\000L\000o\000k\000a\000s\000i\000\040\000F\000i\000l\000e\000\040\000P\000e\000n\000g\000u\000j\000i\000a\000n}{section.3}% 17
\BOOKMARK [2][-]{subsection.3.2}{\376\377\000R\000i\000n\000g\000k\000a\000s\000a\000n\000\040\000K\000a\000s\000u\000s\000\040\000U\000j\000i}{section.3}% 18
\BOOKMARK [2][-]{subsection.3.3}{\376\377\000H\000a\000s\000i\000l\000\040\000U\000j\000i\000\040\000B\000e\000r\000d\000a\000s\000a\000r\000k\000a\000n\000\040\000S\000c\000r\000e\000e\000n\000s\000h\000o\000t}{section.3}% 19
\BOOKMARK [1][-]{section.4}{\376\377\000C\000o\000n\000c\000l\000u\000s\000i\000o\000n}{}% 20
\BOOKMARK [2][-]{subsection.4.1}{\376\377\000S\000a\000r\000a\000n}{section.4}% 21
\BOOKMARK [1][-]{section*.18}{\376\377\000A\000p\000p\000e\000n\000d\000i\000x}{}% 22
